[debug] [2026-04-26T12:15:50.284Z] ----------------------------------------------------------------------
[debug] [2026-04-26T12:15:50.285Z] Command:       C:\Program Files\nodejs\node.exe C:\Users\thand\AppData\Roaming\npm\node_modules\firebase-tools\lib\bin\firebase.js deploy
[debug] [2026-04-26T12:15:50.286Z] CLI Version:   15.15.0
[debug] [2026-04-26T12:15:50.286Z] Platform:      win32
[debug] [2026-04-26T12:15:50.286Z] Node Version:  v24.11.1
[debug] [2026-04-26T12:15:50.286Z] Time:          Sun Apr 26 2026 14:15:50 GMT+0200 (South Africa Standard Time)
[debug] [2026-04-26T12:15:50.286Z] ----------------------------------------------------------------------
[debug] 
[debug] [2026-04-26T12:15:50.288Z] >>> [apiv2][query] GET https://firebase-public.firebaseio.com/cli.json [none]
[debug] [2026-04-26T12:15:52.246Z] > command requires scopes: ["email","openid","https://www.googleapis.com/auth/cloudplatformprojects.readonly","https://www.googleapis.com/auth/firebase","https://www.googleapis.com/auth/cloud-platform"]
[debug] [2026-04-26T12:15:52.246Z] > authorizing via signed-in user (thandululo99@gmail.com)
[debug] [2026-04-26T12:15:52.247Z] [iam] checking project ttech-4 for permissions ["firebase.projects.get","firebasehosting.sites.update"]
[debug] [2026-04-26T12:15:52.247Z] Checked if tokens are valid: false, expires at: 1776941039605
[debug] [2026-04-26T12:15:52.247Z] Checked if tokens are valid: false, expires at: 1776941039605
[debug] [2026-04-26T12:15:52.247Z] > refreshing access token with scopes: []
[debug] [2026-04-26T12:15:52.248Z] >>> [apiv2][query] POST https://www.googleapis.com/oauth2/v3/token [none]
[debug] [2026-04-26T12:15:52.248Z] >>> [apiv2][body] POST https://www.googleapis.com/oauth2/v3/token [omitted]
[debug] [2026-04-26T12:15:55.473Z] <<< [apiv2][status] GET https://firebase-public.firebaseio.com/cli.json 200
[debug] [2026-04-26T12:15:55.474Z] <<< [apiv2][body] GET https://firebase-public.firebaseio.com/cli.json {"cloudBuildErrorAfter":1594252800000,"cloudBuildWarnAfter":1590019200000,"defaultNode10After":1594252800000,"minVersion":"3.0.5","node8DeploysDisabledAfter":1613390400000,"node8RuntimeDisabledAfter":1615809600000,"node8WarnAfter":1600128000000}
[debug] [2026-04-26T12:15:58.323Z] <<< [apiv2][status] POST https://www.googleapis.com/oauth2/v3/token 200
[debug] [2026-04-26T12:15:58.323Z] <<< [apiv2][body] POST https://www.googleapis.com/oauth2/v3/token [omitted]
[debug] [2026-04-26T12:15:58.330Z] >>> [apiv2][query] POST https://cloudresourcemanager.googleapis.com/v1/projects/ttech-4:testIamPermissions [none]
[debug] [2026-04-26T12:15:58.330Z] >>> [apiv2][(partial)header] POST https://cloudresourcemanager.googleapis.com/v1/projects/ttech-4:testIamPermissions  x-goog-user-project=ttech-4
[debug] [2026-04-26T12:15:58.330Z] >>> [apiv2][body] POST https://cloudresourcemanager.googleapis.com/v1/projects/ttech-4:testIamPermissions {"permissions":["firebase.projects.get","firebasehosting.sites.update"]}
[debug] [2026-04-26T12:16:05.233Z] <<< [apiv2][status] POST https://cloudresourcemanager.googleapis.com/v1/projects/ttech-4:testIamPermissions 200
[debug] [2026-04-26T12:16:05.233Z] <<< [apiv2][body] POST https://cloudresourcemanager.googleapis.com/v1/projects/ttech-4:testIamPermissions {"permissions":["firebase.projects.get","firebasehosting.sites.update"]}
[debug] [2026-04-26T12:16:05.235Z] Checked if tokens are valid: true, expires at: 1777209357323
[debug] [2026-04-26T12:16:05.235Z] Checked if tokens are valid: true, expires at: 1777209357323
[debug] [2026-04-26T12:16:05.236Z] >>> [apiv2][query] GET https://firebase.googleapis.com/v1beta1/projects/ttech-4 [none]
[debug] [2026-04-26T12:16:11.871Z] <<< [apiv2][status] GET https://firebase.googleapis.com/v1beta1/projects/ttech-4 200
[debug] [2026-04-26T12:16:11.872Z] <<< [apiv2][body] GET https://firebase.googleapis.com/v1beta1/projects/ttech-4 {"projectId":"ttech-4","projectNumber":"682504861167","displayName":"ttech-4","name":"projects/ttech-4","resources":{"hostingSite":"ttech-4"},"state":"ACTIVE","etag":"1_d62db051-839e-41b6-9999-3c2de75bf3f0"}
[info] 
[info] === Deploying to 'ttech-4'...
[info] 
[info] i  deploying hosting 
[debug] [2026-04-26T12:16:11.886Z] Checked if tokens are valid: true, expires at: 1777209357323
[debug] [2026-04-26T12:16:11.886Z] Checked if tokens are valid: true, expires at: 1777209357323
[debug] [2026-04-26T12:16:11.886Z] >>> [apiv2][query] POST https://firebasehosting.googleapis.com/v1beta1/projects/-/sites/ttech-4/versions [none]
[debug] [2026-04-26T12:16:11.886Z] >>> [apiv2][body] POST https://firebasehosting.googleapis.com/v1beta1/projects/-/sites/ttech-4/versions {"status":"CREATED","labels":{"deployment-tool":"cli-firebase"}}
[debug] [2026-04-26T12:16:24.998Z] <<< [apiv2][status] POST https://firebasehosting.googleapis.com/v1beta1/projects/-/sites/ttech-4/versions 200
[debug] [2026-04-26T12:16:24.998Z] <<< [apiv2][body] POST https://firebasehosting.googleapis.com/v1beta1/projects/-/sites/ttech-4/versions {"name":"projects/682504861167/sites/ttech-4/versions/13457310cec26696","status":"CREATED","config":{},"labels":{"deployment-tool":"cli-firebase"}}
[info] i  hosting[ttech-4]: beginning deploy... 
[info] i  hosting[ttech-4]: found 52 files in out 
[debug] [2026-04-26T12:16:25.023Z] [hosting] uploading with 200 concurrency
[debug] [2026-04-26T12:16:25.024Z] [hosting] hash cache [b3V0] not populated
[debug] [2026-04-26T12:16:25.077Z] Checked if tokens are valid: true, expires at: 1777209357323
[debug] [2026-04-26T12:16:25.077Z] Checked if tokens are valid: true, expires at: 1777209357323
[debug] [2026-04-26T12:16:25.084Z] [hosting] hash cache [b3V0] stored for 52 files
[debug] [2026-04-26T12:16:25.084Z] [hosting][hash queue][FINAL] {"max":46,"min":12,"avg":24.48076923076923,"active":0,"complete":52,"success":52,"errored":0,"retried":0,"total":52,"elapsed":59}
[debug] [2026-04-26T12:16:25.085Z] >>> [apiv2][query] POST https://firebasehosting.googleapis.com/v1beta1/projects/682504861167/sites/ttech-4/versions/13457310cec26696:populateFiles [none]
[debug] [2026-04-26T12:16:25.085Z] >>> [apiv2][body] POST https://firebasehosting.googleapis.com/v1beta1/projects/682504861167/sites/ttech-4/versions/13457310cec26696:populateFiles {"files":{"/__next.__PAGE__.txt":"72e5b856286548cb70390b192b10b1a8d562a1b45811761ad205157ac4adbc3c","/__next._tree.txt":"670c18865cc36fc9f15395cab4f2bec603af0832f46ef3cdef9122f9b2a8d817","/__next._index.txt":"d86469a7b2b11d52b39c1860b91a70a21f1496f28bd36a5e245547f1af09a73d","/__next._head.txt":"82d48b8870c0a9a2cc288a77d675e1f20e9ad0cf24303be8f025c926de33eee7","/_not-found.txt":"7016bca93256a9957c3f6e19a39ffce12b3abd2d9861ded018d894e2dfbe2f63","/__next._full.txt":"6e5c563d661899678b8025301eecfa42c25fb26e635e16ad20a713874edc1cf9","/_not-found.html":"3482c547a32e14ebd29beeeb2672e6dcc64872ac2648c3a6e63243973e763b98","/index.txt":"6e5c563d661899678b8025301eecfa42c25fb26e635e16ad20a713874edc1cf9","/_not-found/__next._tree.txt":"b21f86cc84327e62ecaf0899c3c32d2699a8fcf1a354b22fa000410cfbea5680","/_not-found/__next._not-found.txt":"a9167b12e8a18db8c2704c2d558a0f641343034ab33d86948e927ed55c8621d1","/_not-found/__next._index.txt":"d86469a7b2b11d52b39c1860b91a70a21f1496f28bd36a5e245547f1af09a73d","/index.html":"551cb5c594b308cc0245e4a8ba28e73b7161c4416e0b365fa0276b4c203166bd","/_not-found/__next._head.txt":"e072f4b109618b1ac1984c781b80a09d2c16bfb9cf0a88044c6a48a0ed9f6e87","/_not-found/__next._full.txt":"7016bca93256a9957c3f6e19a39ffce12b3abd2d9861ded018d894e2dfbe2f63","/_not-found/__next._not-found/__PAGE__.txt":"b0cc2aae74997068cf36ddc09ddd288c307122b55430786239b0c82bab0ee70d","/404.html":"3482c547a32e14ebd29beeeb2672e6dcc64872ac2648c3a6e63243973e763b98","/_next/static/media/effe91970fc4db64-s.p.07ig5l8azj~hy.woff2":"3a4d2184efcf5612caef17abec6c2a067def345a6fb2d9e62d38f564a3265185","/_next/static/media/e532fa1b9921e1cd-s.0~wrfy7sm-h4g.woff2":"1bfa7f2c2ec8bd0d99acf712065469f99dbf6e16da39e8fe0752ddf6de413504","/_next/static/media/e390973e931a41c5-s.08hd0g.321csk.woff2":"f8cc2a1058d08525f606de631b032001b74ceb8ffcd45518fdbcd8d8ed802996","/_next/static/media/d3fe2f289711ac3f-s.0i6ci0u~g4zml.woff2":"8cc3e92180cdaaed17104eb9c905accb9921e525f4b83e749d02c637cfb7b599","/favicon.ico":"36eaaa9259cda5765c4061fa8b7bf61c74dbda3a2a721a0811c73f5dae61a2e9","/_next/static/media/bfc7db5c00d21bc5-s.0dyk20wuvya7a.woff2":"758dc4153da47f69a2ca4e10ece15ee3bf6ab85cb548c0e4ba949126dee26caa","/_next/static/media/a7afbb44bec2bb18-s.0juuwbcf7uz~t.woff2":"cc2b1b32f5941b633fd9080ab55d09b4fcd302a30dd5910d7fc1d987b60c9892","/_next/static/media/b886574ba42c3409-s.0n0by9e-ig5xq.woff2":"38a842a86049fec3cc3f502df5fd484aa9c510fd45a4d7a05a50801a19e35a5e","/_next/static/media/a342834df7752944-s.10ev4cu2inrn-.woff2":"c68e0c180ba067bc29ee3c5d9837bec35b20ab9cb50093b3986ca9e6d5fc73ff","/_next/static/media/9a4838fcda0d1bca-s.0787d67~10694.woff2":"6e2c9ea9c5183339911bbb320e29ef6779d3e27ee8fa7337faccf0258134e406","/_next/static/media/6ab0db14f70d8ed6-s.0ctuso5mgh_i..woff2":"0e8108cf5c3f483f0d858bdabe3d792d2d893861bf5bb94006c0f133954f9fdc","/_next/static/media/68757d6cddeff913-s.0hkrq11n-dhos.woff2":"c41e9ca8341474c0314a4a3aa493761fc62b5de768d386d0ea9feaa43731c6ab","/_next/static/media/5e05ae5b48faa55e-s.0m9hhkgdlzukj.woff2":"c709688c68e55ef9a22b645bd16d34cf3fce029846e39cd5705d39f0c9b770b5","/_next/static/media/59b15b4bcd7b1eb5-s.0x08jh8vondwt.woff2":"ee538d9b11e61195e44880065a6e46296f05c5e6d8b25d19c37214c1113cba8d","/_next/static/media/99e609270109b47d-s.p.16-z~2sp29ex6.woff2":"5351dd9482cd8185dcd6ebd623d36bdd2451183738aa52d706b28affb167301b","/_next/static/media/favicon.0x3dzn~oxb6tn.ico":"36eaaa9259cda5765c4061fa8b7bf61c74dbda3a2a721a0811c73f5dae61a2e9","/_next/static/media/2fe89d53234c61d4-s.0k_.i63k_i_qa.woff2":"65f860034cae22bcbc56421abdf918957c91ee2975d0ef27a6705fd73a40433f","/_next/static/media/2e95a7d252b9825a-s.0dgq8lqrj3gc_.woff2":"5148152a41667610805b990484600ee61caba893324c045aace7246718c20c63","/_next/static/media/58c4895d0a0ef7cc-s.0x1a9yg0jkq20.woff2":"f657bc2201cda343343478573eb0598f76a09d5c7dbb205726c22a3195970c98","/_next/static/media/02263ebadd758ea4-s.0qg7j5o.yrclm.woff2":"576a047f4a71fa04fcf7d08ef733388f28aeee42f9145139dee6e5aa52c5b04f","/_next/static/media/1a69062cfe6f77f8-s.07r2ragk8ph~z.woff2":"acb1a30d882ec977e10b1e69e12232fb9992882b0a39395c51424d5e26bd1cd0","/_next/static/media/6ff74e33ebd7bca3-s.0_n_qwbzcushi.woff2":"4275ef705d9367daea7fd4280cc44d39d2ec47093eb028d31c0f74ce12e96ae9","/_next/static/media/23b7a97ae3b5c134-s.p.0o14nraug8u5s.woff2":"31254272468fe2945aeb744680dbdfe8cabf88c106f72b7f570008234cef0558","/_next/static/chunks/turbopack-0cd6qyn3iwjya.js":"f530c5dfa886971d0bd4d3d72521ddb44f39a868e0bde94a87a7f44c255a2bb7","/_next/static/chunks/0ht900cau6_ur.js":"3eb45abbeaa2d8f560573ac77d509edef04ea0b8c59640db7448be0cafe9f4ec","/_next/static/chunks/0~x-7cn9dzo13.js":"b907cfd2dfc6297c8349a96e176fdea751da7a75aefb43c44d7b97bffc31d841","/_next/static/7Ojfky_agar9I54O-T0q3/_ssgManifest.js":"dc28a4dc92fe352ed5d2201bd3972ce47691bc8e89e0400a68d1541d0567c6d5","/_next/static/chunks/0dbhjjzl8qfwv.js":"bafe043a5afb258ea7fd19197f997747ccf29e610a677ddf765bfc5a31bf5ba2","/_next/static/media/a343f882a40d2cc9-s.p.0kho-wj7-y-w1.woff2":"528015bf56f30af70faaa1b9f63d409d4099e70f62a63978f3b1007a72442f21","/_next/static/chunks/0m~5669c48ikh.css":"e356af0052bcd238798a6d47d16905ba805ad94fd0ed929f3ef2450e4e01ff51","/_next/static/media/c41ca59f1c34ba31-s.p.0xxb547n1hn74.woff2":"38a0a46e8de65661d29c54745b2f6238211379151b019eef18ca0daec75ebf2e","/_next/static/7Ojfky_agar9I54O-T0q3/_clientMiddlewareManifest.js":"5e57f6166b702492ab9551af57e4546546c184673a4c0432f73b96f62820f7eb","/_next/static/7Ojfky_agar9I54O-T0q3/_buildManifest.js":"dcbe1c9b9159ca21caea98e1bad364012ae284e9551375ca62b83d2811efac91","/_next/static/chunks/03~yq9q893hmn.js":"18e28d3214eda45048d80d3925ea7627b809e69ad2e95f7f98459e9146a61c3d","/_next/static/chunks/06~f4cvc3b8e~.js":"d0e4a6284b81107ba6f1c9adddb81b51167284c7c9803364de129070cfeac64d","/_next/static/chunks/0n~dq4kpx9xxx.js":"af0b8b748bccb915d2867af6caecfd9d7c60674e8d57c3bf8263949fdeeb062e"}}
[debug] [2026-04-26T12:16:27.921Z] <<< [apiv2][status] POST https://firebasehosting.googleapis.com/v1beta1/projects/682504861167/sites/ttech-4/versions/13457310cec26696:populateFiles 200
[debug] [2026-04-26T12:16:27.921Z] <<< [apiv2][body] POST https://firebasehosting.googleapis.com/v1beta1/projects/682504861167/sites/ttech-4/versions/13457310cec26696:populateFiles {"uploadRequiredHashes":["0e8108cf5c3f483f0d858bdabe3d792d2d893861bf5bb94006c0f133954f9fdc","b21f86cc84327e62ecaf0899c3c32d2699a8fcf1a354b22fa000410cfbea5680","c41e9ca8341474c0314a4a3aa493761fc62b5de768d386d0ea9feaa43731c6ab","6e5c563d661899678b8025301eecfa42c25fb26e635e16ad20a713874edc1cf9","c68e0c180ba067bc29ee3c5d9837bec35b20ab9cb50093b3986ca9e6d5fc73ff","8cc3e92180cdaaed17104eb9c905accb9921e525f4b83e749d02c637cfb7b599","f8cc2a1058d08525f606de631b032001b74ceb8ffcd45518fdbcd8d8ed802996","1bfa7f2c2ec8bd0d99acf712065469f99dbf6e16da39e8fe0752ddf6de413504","4275ef705d9367daea7fd4280cc44d39d2ec47093eb028d31c0f74ce12e96ae9","a9167b12e8a18db8c2704c2d558a0f641343034ab33d86948e927ed55c8621d1","576a047f4a71fa04fcf7d08ef733388f28aeee42f9145139dee6e5aa52c5b04f","758dc4153da47f69a2ca4e10ece15ee3bf6ab85cb548c0e4ba949126dee26caa","3482c547a32e14ebd29beeeb2672e6dcc64872ac2648c3a6e63243973e763b98","f657bc2201cda343343478573eb0598f76a09d5c7dbb205726c22a3195970c98","72e5b856286548cb70390b192b10b1a8d562a1b45811761ad205157ac4adbc3c","551cb5c594b308cc0245e4a8ba28e73b7161c4416e0b365fa0276b4c203166bd","528015bf56f30af70faaa1b9f63d409d4099e70f62a63978f3b1007a72442f21","f530c5dfa886971d0bd4d3d72521ddb44f39a868e0bde94a87a7f44c255a2bb7","cc2b1b32f5941b633fd9080ab55d09b4fcd302a30dd5910d7fc1d987b60c9892","af0b8b748bccb915d2867af6caecfd9d7c60674e8d57c3bf8263949fdeeb062e","d0e4a6284b81107ba6f1c9adddb81b51167284c7c9803364de129070cfeac64d","e356af0052bcd238798a6d47d16905ba805ad94fd0ed929f3ef2450e4e01ff51","3a4d2184efcf5612caef17abec6c2a067def345a6fb2d9e62d38f564a3265185","65f860034cae22bcbc56421abdf918957c91ee2975d0ef27a6705fd73a40433f","36eaaa9259cda5765c4061fa8b7bf61c74dbda3a2a721a0811c73f5dae61a2e9","acb1a30d882ec977e10b1e69e12232fb9992882b0a39395c51424d5e26bd1cd0","82d48b8870c0a9a2cc288a77d675e1f20e9ad0cf24303be8f025c926de33eee7","38a0a46e8de65661d29c54745b2f6238211379151b019eef18ca0daec75ebf2e","b907cfd2dfc6297c8349a96e176fdea751da7a75aefb43c44d7b97bffc31d841","7016bca93256a9957c3f6e19a39ffce12b3abd2d9861ded018d894e2dfbe2f63","ee538d9b11e61195e44880065a6e46296f05c5e6d8b25d19c37214c1113cba8d","6e2c9ea9c5183339911bbb320e29ef6779d3e27ee8fa7337faccf0258134e406","5e57f6166b702492ab9551af57e4546546c184673a4c0432f73b96f62820f7eb","dcbe1c9b9159ca21caea98e1bad364012ae284e9551375ca62b83d2811efac91","5351dd9482cd8185dcd6ebd623d36bdd2451183738aa52d706b28affb167301b","31254272468fe2945aeb744680dbdfe8cabf88c106f72b7f570008234cef0558","3eb45abbeaa2d8f560573ac77d509edef04ea0b8c59640db7448be0cafe9f4ec","dc28a4dc92fe352ed5d2201bd3972ce47691bc8e89e0400a68d1541d0567c6d5","bafe043a5afb258ea7fd19197f997747ccf29e610a677ddf765bfc5a31bf5ba2","d86469a7b2b11d52b39c1860b91a70a21f1496f28bd36a5e245547f1af09a73d","5148152a41667610805b990484600ee61caba893324c045aace7246718c20c63","e072f4b109618b1ac1984c781b80a09d2c16bfb9cf0a88044c6a48a0ed9f6e87","c709688c68e55ef9a22b645bd16d34cf3fce029846e39cd5705d39f0c9b770b5","38a842a86049fec3cc3f502df5fd484aa9c510fd45a4d7a05a50801a19e35a5e","670c18865cc36fc9f15395cab4f2bec603af0832f46ef3cdef9122f9b2a8d817","b0cc2aae74997068cf36ddc09ddd288c307122b55430786239b0c82bab0ee70d","18e28d3214eda45048d80d3925ea7627b809e69ad2e95f7f98459e9146a61c3d"],"uploadUrl":"https://upload-firebasehosting.googleapis.com/upload/sites/ttech-4/versions/13457310cec26696/files"}
[debug] [2026-04-26T12:16:27.922Z] Checked if tokens are valid: true, expires at: 1777209357323
[debug] [2026-04-26T12:16:27.922Z] Checked if tokens are valid: true, expires at: 1777209357323
[debug] [2026-04-26T12:16:27.922Z] Checked if tokens are valid: true, expires at: 1777209357323
[debug] [2026-04-26T12:16:27.922Z] Checked if tokens are valid: true, expires at: 1777209357323
[debug] [2026-04-26T12:16:27.922Z] Checked if tokens are valid: true, expires at: 1777209357323
[debug] [2026-04-26T12:16:27.922Z] Checked if tokens are valid: true, expires at: 1777209357323
[debug] [2026-04-26T12:16:27.922Z] Checked if tokens are valid: true, expires at: 1777209357323
[debug] [2026-04-26T12:16:27.922Z] Checked if tokens are valid: true, expires at: 1777209357323
[debug] [2026-04-26T12:16:27.922Z] Checked if tokens are valid: true, expires at: 1777209357323
[debug] [2026-04-26T12:16:27.922Z] Checked if tokens are valid: true, expires at: 1777209357323
[debug] [2026-04-26T12:16:27.922Z] Checked if tokens are valid: true, expires at: 1777209357323
[debug] [2026-04-26T12:16:27.922Z] Checked if tokens are valid: true, expires at: 1777209357323
[debug] [2026-04-26T12:16:27.923Z] Checked if tokens are valid: true, expires at: 1777209357323
[debug] [2026-04-26T12:16:27.923Z] Checked if tokens are valid: true, expires at: 1777209357323
[debug] [2026-04-26T12:16:27.923Z] Checked if tokens are valid: true, expires at: 1777209357323
[debug] [2026-04-26T12:16:27.923Z] Checked if tokens are valid: true, expires at: 1777209357323
[debug] [2026-04-26T12:16:27.923Z] Checked if tokens are valid: true, expires at: 1777209357323
[debug] [2026-04-26T12:16:27.923Z] Checked if tokens are valid: true, expires at: 1777209357323
[debug] [2026-04-26T12:16:27.923Z] Checked if tokens are valid: true, expires at: 1777209357323
[debug] [2026-04-26T12:16:27.923Z] Checked if tokens are valid: true, expires at: 1777209357323
[debug] [2026-04-26T12:16:27.923Z] Checked if tokens are valid: true, expires at: 1777209357323
[debug] [2026-04-26T12:16:27.923Z] Checked if tokens are valid: true, expires at: 1777209357323
[debug] [2026-04-26T12:16:27.924Z] Checked if tokens are valid: true, expires at: 1777209357323
[debug] [2026-04-26T12:16:27.924Z] Checked if tokens are valid: true, expires at: 1777209357323
[debug] [2026-04-26T12:16:27.924Z] Checked if tokens are valid: true, expires at: 1777209357323
[debug] [2026-04-26T12:16:27.924Z] Checked if tokens are valid: true, expires at: 1777209357323
[debug] [2026-04-26T12:16:27.924Z] Checked if tokens are valid: true, expires at: 1777209357323
[debug] [2026-04-26T12:16:27.924Z] Checked if tokens are valid: true, expires at: 1777209357323
[debug] [2026-04-26T12:16:27.924Z] Checked if tokens are valid: true, expires at: 1777209357323
[debug] [2026-04-26T12:16:27.924Z] Checked if tokens are valid: true, expires at: 1777209357323
[debug] [2026-04-26T12:16:27.924Z] Checked if tokens are valid: true, expires at: 1777209357323
[debug] [2026-04-26T12:16:27.924Z] Checked if tokens are valid: true, expires at: 1777209357323
[debug] [2026-04-26T12:16:27.924Z] Checked if tokens are valid: true, expires at: 1777209357323
[debug] [2026-04-26T12:16:27.924Z] Checked if tokens are valid: true, expires at: 1777209357323
[debug] [2026-04-26T12:16:27.924Z] Checked if tokens are valid: true, expires at: 1777209357323
[debug] [2026-04-26T12:16:27.924Z] Checked if tokens are valid: true, expires at: 1777209357323
[debug] [2026-04-26T12:16:27.925Z] Checked if tokens are valid: true, expires at: 1777209357323
[debug] [2026-04-26T12:16:27.925Z] Checked if tokens are valid: true, expires at: 1777209357323
[debug] [2026-04-26T12:16:27.925Z] Checked if tokens are valid: true, expires at: 1777209357323
[debug] [2026-04-26T12:16:27.925Z] Checked if tokens are valid: true, expires at: 1777209357323
[debug] [2026-04-26T12:16:27.925Z] Checked if tokens are valid: true, expires at: 1777209357323
[debug] [2026-04-26T12:16:27.925Z] Checked if tokens are valid: true, expires at: 1777209357323
[debug] [2026-04-26T12:16:27.926Z] Checked if tokens are valid: true, expires at: 1777209357323
[debug] [2026-04-26T12:16:27.926Z] Checked if tokens are valid: true, expires at: 1777209357323
[debug] [2026-04-26T12:16:27.926Z] Checked if tokens are valid: true, expires at: 1777209357323
[debug] [2026-04-26T12:16:27.926Z] Checked if tokens are valid: true, expires at: 1777209357323
[debug] [2026-04-26T12:16:27.926Z] Checked if tokens are valid: true, expires at: 1777209357323
[debug] [2026-04-26T12:16:27.926Z] Checked if tokens are valid: true, expires at: 1777209357323
[debug] [2026-04-26T12:16:27.926Z] Checked if tokens are valid: true, expires at: 1777209357323
[debug] [2026-04-26T12:16:27.926Z] Checked if tokens are valid: true, expires at: 1777209357323
[debug] [2026-04-26T12:16:27.926Z] Checked if tokens are valid: true, expires at: 1777209357323
[debug] [2026-04-26T12:16:27.926Z] Checked if tokens are valid: true, expires at: 1777209357323
[debug] [2026-04-26T12:16:27.926Z] Checked if tokens are valid: true, expires at: 1777209357323
[debug] [2026-04-26T12:16:27.926Z] Checked if tokens are valid: true, expires at: 1777209357323
[debug] [2026-04-26T12:16:27.926Z] Checked if tokens are valid: true, expires at: 1777209357323
[debug] [2026-04-26T12:16:27.926Z] Checked if tokens are valid: true, expires at: 1777209357323
[debug] [2026-04-26T12:16:27.926Z] Checked if tokens are valid: true, expires at: 1777209357323
[debug] [2026-04-26T12:16:27.926Z] Checked if tokens are valid: true, expires at: 1777209357323
[debug] [2026-04-26T12:16:27.926Z] Checked if tokens are valid: true, expires at: 1777209357323
[debug] [2026-04-26T12:16:27.926Z] Checked if tokens are valid: true, expires at: 1777209357323
[debug] [2026-04-26T12:16:27.926Z] Checked if tokens are valid: true, expires at: 1777209357323
[debug] [2026-04-26T12:16:27.926Z] Checked if tokens are valid: true, expires at: 1777209357323
[debug] [2026-04-26T12:16:27.927Z] Checked if tokens are valid: true, expires at: 1777209357323
[debug] [2026-04-26T12:16:27.927Z] Checked if tokens are valid: true, expires at: 1777209357323
[debug] [2026-04-26T12:16:27.927Z] Checked if tokens are valid: true, expires at: 1777209357323
[debug] [2026-04-26T12:16:27.927Z] Checked if tokens are valid: true, expires at: 1777209357323
[debug] [2026-04-26T12:16:27.927Z] Checked if tokens are valid: true, expires at: 1777209357323
[debug] [2026-04-26T12:16:27.927Z] Checked if tokens are valid: true, expires at: 1777209357323
[debug] [2026-04-26T12:16:27.927Z] Checked if tokens are valid: true, expires at: 1777209357323
[debug] [2026-04-26T12:16:27.927Z] Checked if tokens are valid: true, expires at: 1777209357323
[debug] [2026-04-26T12:16:27.927Z] Checked if tokens are valid: true, expires at: 1777209357323
[debug] [2026-04-26T12:16:27.927Z] Checked if tokens are valid: true, expires at: 1777209357323
[debug] [2026-04-26T12:16:27.927Z] Checked if tokens are valid: true, expires at: 1777209357323
[debug] [2026-04-26T12:16:27.927Z] Checked if tokens are valid: true, expires at: 1777209357323
[debug] [2026-04-26T12:16:27.927Z] Checked if tokens are valid: true, expires at: 1777209357323
[debug] [2026-04-26T12:16:27.927Z] Checked if tokens are valid: true, expires at: 1777209357323
[debug] [2026-04-26T12:16:27.927Z] Checked if tokens are valid: true, expires at: 1777209357323
[debug] [2026-04-26T12:16:27.927Z] Checked if tokens are valid: true, expires at: 1777209357323
[debug] [2026-04-26T12:16:27.928Z] Checked if tokens are valid: true, expires at: 1777209357323
[debug] [2026-04-26T12:16:27.928Z] Checked if tokens are valid: true, expires at: 1777209357323
[debug] [2026-04-26T12:16:27.928Z] Checked if tokens are valid: true, expires at: 1777209357323
[debug] [2026-04-26T12:16:27.928Z] Checked if tokens are valid: true, expires at: 1777209357323
[debug] [2026-04-26T12:16:27.928Z] Checked if tokens are valid: true, expires at: 1777209357323
[debug] [2026-04-26T12:16:27.928Z] Checked if tokens are valid: true, expires at: 1777209357323
[debug] [2026-04-26T12:16:27.928Z] Checked if tokens are valid: true, expires at: 1777209357323
[debug] [2026-04-26T12:16:27.928Z] Checked if tokens are valid: true, expires at: 1777209357323
[debug] [2026-04-26T12:16:27.928Z] Checked if tokens are valid: true, expires at: 1777209357323
[debug] [2026-04-26T12:16:27.928Z] Checked if tokens are valid: true, expires at: 1777209357323
[debug] [2026-04-26T12:16:27.928Z] Checked if tokens are valid: true, expires at: 1777209357323
[debug] [2026-04-26T12:16:27.928Z] Checked if tokens are valid: true, expires at: 1777209357323
[debug] [2026-04-26T12:16:27.928Z] Checked if tokens are valid: true, expires at: 1777209357323
[debug] [2026-04-26T12:16:27.928Z] Checked if tokens are valid: true, expires at: 1777209357323
[debug] [2026-04-26T12:16:27.928Z] Checked if tokens are valid: true, expires at: 1777209357323
[debug] [2026-04-26T12:16:27.928Z] Checked if tokens are valid: true, expires at: 1777209357323
[debug] [2026-04-26T12:16:27.928Z] >>> [apiv2][query] POST https://upload-firebasehosting.googleapis.com/upload/sites/ttech-4/versions/13457310cec26696/files/0e8108cf5c3f483f0d858bdabe3d792d2d893861bf5bb94006c0f133954f9fdc [none]
[debug] [2026-04-26T12:16:27.929Z] >>> [apiv2][body] POST https://upload-firebasehosting.googleapis.com/upload/sites/ttech-4/versions/13457310cec26696/files/0e8108cf5c3f483f0d858bdabe3d792d2d893861bf5bb94006c0f133954f9fdc [stream]
[debug] [2026-04-26T12:16:27.930Z] >>> [apiv2][query] POST https://upload-firebasehosting.googleapis.com/upload/sites/ttech-4/versions/13457310cec26696/files/b21f86cc84327e62ecaf0899c3c32d2699a8fcf1a354b22fa000410cfbea5680 [none]
[debug] [2026-04-26T12:16:27.930Z] >>> [apiv2][body] POST https://upload-firebasehosting.googleapis.com/upload/sites/ttech-4/versions/13457310cec26696/files/b21f86cc84327e62ecaf0899c3c32d2699a8fcf1a354b22fa000410cfbea5680 [stream]
[debug] [2026-04-26T12:16:27.931Z] >>> [apiv2][query] POST https://upload-firebasehosting.googleapis.com/upload/sites/ttech-4/versions/13457310cec26696/files/c41e9ca8341474c0314a4a3aa493761fc62b5de768d386d0ea9feaa43731c6ab [none]
[debug] [2026-04-26T12:16:27.931Z] >>> [apiv2][body] POST https://upload-firebasehosting.googleapis.com/upload/sites/ttech-4/versions/13457310cec26696/files/c41e9ca8341474c0314a4a3aa493761fc62b5de768d386d0ea9feaa43731c6ab [stream]
[debug] [2026-04-26T12:16:27.933Z] >>> [apiv2][query] POST https://upload-firebasehosting.googleapis.com/upload/sites/ttech-4/versions/13457310cec26696/files/6e5c563d661899678b8025301eecfa42c25fb26e635e16ad20a713874edc1cf9 [none]
[debug] [2026-04-26T12:16:27.933Z] >>> [apiv2][body] POST https://upload-firebasehosting.googleapis.com/upload/sites/ttech-4/versions/13457310cec26696/files/6e5c563d661899678b8025301eecfa42c25fb26e635e16ad20a713874edc1cf9 [stream]
[debug] [2026-04-26T12:16:27.934Z] >>> [apiv2][query] POST https://upload-firebasehosting.googleapis.com/upload/sites/ttech-4/versions/13457310cec26696/files/c68e0c180ba067bc29ee3c5d9837bec35b20ab9cb50093b3986ca9e6d5fc73ff [none]
[debug] [2026-04-26T12:16:27.934Z] >>> [apiv2][body] POST https://upload-firebasehosting.googleapis.com/upload/sites/ttech-4/versions/13457310cec26696/files/c68e0c180ba067bc29ee3c5d9837bec35b20ab9cb50093b3986ca9e6d5fc73ff [stream]
[debug] [2026-04-26T12:16:27.935Z] >>> [apiv2][query] POST https://upload-firebasehosting.googleapis.com/upload/sites/ttech-4/versions/13457310cec26696/files/8cc3e92180cdaaed17104eb9c905accb9921e525f4b83e749d02c637cfb7b599 [none]
[debug] [2026-04-26T12:16:27.935Z] >>> [apiv2][body] POST https://upload-firebasehosting.googleapis.com/upload/sites/ttech-4/versions/13457310cec26696/files/8cc3e92180cdaaed17104eb9c905accb9921e525f4b83e749d02c637cfb7b599 [stream]
[debug] [2026-04-26T12:16:27.936Z] >>> [apiv2][query] POST https://upload-firebasehosting.googleapis.com/upload/sites/ttech-4/versions/13457310cec26696/files/f8cc2a1058d08525f606de631b032001b74ceb8ffcd45518fdbcd8d8ed802996 [none]
[debug] [2026-04-26T12:16:27.936Z] >>> [apiv2][body] POST https://upload-firebasehosting.googleapis.com/upload/sites/ttech-4/versions/13457310cec26696/files/f8cc2a1058d08525f606de631b032001b74ceb8ffcd45518fdbcd8d8ed802996 [stream]
[debug] [2026-04-26T12:16:27.937Z] >>> [apiv2][query] POST https://upload-firebasehosting.googleapis.com/upload/sites/ttech-4/versions/13457310cec26696/files/1bfa7f2c2ec8bd0d99acf712065469f99dbf6e16da39e8fe0752ddf6de413504 [none]
[debug] [2026-04-26T12:16:27.937Z] >>> [apiv2][body] POST https://upload-firebasehosting.googleapis.com/upload/sites/ttech-4/versions/13457310cec26696/files/1bfa7f2c2ec8bd0d99acf712065469f99dbf6e16da39e8fe0752ddf6de413504 [stream]
[debug] [2026-04-26T12:16:27.938Z] >>> [apiv2][query] POST https://upload-firebasehosting.googleapis.com/upload/sites/ttech-4/versions/13457310cec26696/files/4275ef705d9367daea7fd4280cc44d39d2ec47093eb028d31c0f74ce12e96ae9 [none]
[debug] [2026-04-26T12:16:27.938Z] >>> [apiv2][body] POST https://upload-firebasehosting.googleapis.com/upload/sites/ttech-4/versions/13457310cec26696/files/4275ef705d9367daea7fd4280cc44d39d2ec47093eb028d31c0f74ce12e96ae9 [stream]
[debug] [2026-04-26T12:16:27.939Z] >>> [apiv2][query] POST https://upload-firebasehosting.googleapis.com/upload/sites/ttech-4/versions/13457310cec26696/files/a9167b12e8a18db8c2704c2d558a0f641343034ab33d86948e927ed55c8621d1 [none]
[debug] [2026-04-26T12:16:27.939Z] >>> [apiv2][body] POST https://upload-firebasehosting.googleapis.com/upload/sites/ttech-4/versions/13457310cec26696/files/a9167b12e8a18db8c2704c2d558a0f641343034ab33d86948e927ed55c8621d1 [stream]
[debug] [2026-04-26T12:16:27.940Z] >>> [apiv2][query] POST https://upload-firebasehosting.googleapis.com/upload/sites/ttech-4/versions/13457310cec26696/files/576a047f4a71fa04fcf7d08ef733388f28aeee42f9145139dee6e5aa52c5b04f [none]
[debug] [2026-04-26T12:16:27.940Z] >>> [apiv2][body] POST https://upload-firebasehosting.googleapis.com/upload/sites/ttech-4/versions/13457310cec26696/files/576a047f4a71fa04fcf7d08ef733388f28aeee42f9145139dee6e5aa52c5b04f [stream]
[debug] [2026-04-26T12:16:27.941Z] >>> [apiv2][query] POST https://upload-firebasehosting.googleapis.com/upload/sites/ttech-4/versions/13457310cec26696/files/758dc4153da47f69a2ca4e10ece15ee3bf6ab85cb548c0e4ba949126dee26caa [none]
[debug] [2026-04-26T12:16:27.941Z] >>> [apiv2][body] POST https://upload-firebasehosting.googleapis.com/upload/sites/ttech-4/versions/13457310cec26696/files/758dc4153da47f69a2ca4e10ece15ee3bf6ab85cb548c0e4ba949126dee26caa [stream]
[debug] [2026-04-26T12:16:27.941Z] >>> [apiv2][query] POST https://upload-firebasehosting.googleapis.com/upload/sites/ttech-4/versions/13457310cec26696/files/3482c547a32e14ebd29beeeb2672e6dcc64872ac2648c3a6e63243973e763b98 [none]
[debug] [2026-04-26T12:16:27.941Z] >>> [apiv2][body] POST https://upload-firebasehosting.googleapis.com/upload/sites/ttech-4/versions/13457310cec26696/files/3482c547a32e14ebd29beeeb2672e6dcc64872ac2648c3a6e63243973e763b98 [stream]
[debug] [2026-04-26T12:16:27.942Z] >>> [apiv2][query] POST https://upload-firebasehosting.googleapis.com/upload/sites/ttech-4/versions/13457310cec26696/files/f657bc2201cda343343478573eb0598f76a09d5c7dbb205726c22a3195970c98 [none]
[debug] [2026-04-26T12:16:27.942Z] >>> [apiv2][body] POST https://upload-firebasehosting.googleapis.com/upload/sites/ttech-4/versions/13457310cec26696/files/f657bc2201cda343343478573eb0598f76a09d5c7dbb205726c22a3195970c98 [stream]
[debug] [2026-04-26T12:16:27.942Z] >>> [apiv2][query] POST https://upload-firebasehosting.googleapis.com/upload/sites/ttech-4/versions/13457310cec26696/files/72e5b856286548cb70390b192b10b1a8d562a1b45811761ad205157ac4adbc3c [none]
[debug] [2026-04-26T12:16:27.942Z] >>> [apiv2][body] POST https://upload-firebasehosting.googleapis.com/upload/sites/ttech-4/versions/13457310cec26696/files/72e5b856286548cb70390b192b10b1a8d562a1b45811761ad205157ac4adbc3c [stream]
[debug] [2026-04-26T12:16:27.943Z] >>> [apiv2][query] POST https://upload-firebasehosting.googleapis.com/upload/sites/ttech-4/versions/13457310cec26696/files/551cb5c594b308cc0245e4a8ba28e73b7161c4416e0b365fa0276b4c203166bd [none]
[debug] [2026-04-26T12:16:27.943Z] >>> [apiv2][body] POST https://upload-firebasehosting.googleapis.com/upload/sites/ttech-4/versions/13457310cec26696/files/551cb5c594b308cc0245e4a8ba28e73b7161c4416e0b365fa0276b4c203166bd [stream]
[debug] [2026-04-26T12:16:27.943Z] >>> [apiv2][query] POST https://upload-firebasehosting.googleapis.com/upload/sites/ttech-4/versions/13457310cec26696/files/528015bf56f30af70faaa1b9f63d409d4099e70f62a63978f3b1007a72442f21 [none]
[debug] [2026-04-26T12:16:27.943Z] >>> [apiv2][body] POST https://upload-firebasehosting.googleapis.com/upload/sites/ttech-4/versions/13457310cec26696/files/528015bf56f30af70faaa1b9f63d409d4099e70f62a63978f3b1007a72442f21 [stream]
[debug] [2026-04-26T12:16:27.944Z] >>> [apiv2][query] POST https://upload-firebasehosting.googleapis.com/upload/sites/ttech-4/versions/13457310cec26696/files/f530c5dfa886971d0bd4d3d72521ddb44f39a868e0bde94a87a7f44c255a2bb7 [none]
[debug] [2026-04-26T12:16:27.944Z] >>> [apiv2][body] POST https://upload-firebasehosting.googleapis.com/upload/sites/ttech-4/versions/13457310cec26696/files/f530c5dfa886971d0bd4d3d72521ddb44f39a868e0bde94a87a7f44c255a2bb7 [stream]
[debug] [2026-04-26T12:16:27.945Z] >>> [apiv2][query] POST https://upload-firebasehosting.googleapis.com/upload/sites/ttech-4/versions/13457310cec26696/files/cc2b1b32f5941b633fd9080ab55d09b4fcd302a30dd5910d7fc1d987b60c9892 [none]
[debug] [2026-04-26T12:16:27.945Z] >>> [apiv2][body] POST https://upload-firebasehosting.googleapis.com/upload/sites/ttech-4/versions/13457310cec26696/files/cc2b1b32f5941b633fd9080ab55d09b4fcd302a30dd5910d7fc1d987b60c9892 [stream]
[debug] [2026-04-26T12:16:27.945Z] >>> [apiv2][query] POST https://upload-firebasehosting.googleapis.com/upload/sites/ttech-4/versions/13457310cec26696/files/af0b8b748bccb915d2867af6caecfd9d7c60674e8d57c3bf8263949fdeeb062e [none]
[debug] [2026-04-26T12:16:27.946Z] >>> [apiv2][body] POST https://upload-firebasehosting.googleapis.com/upload/sites/ttech-4/versions/13457310cec26696/files/af0b8b748bccb915d2867af6caecfd9d7c60674e8d57c3bf8263949fdeeb062e [stream]
[debug] [2026-04-26T12:16:27.948Z] >>> [apiv2][query] POST https://upload-firebasehosting.googleapis.com/upload/sites/ttech-4/versions/13457310cec26696/files/d0e4a6284b81107ba6f1c9adddb81b51167284c7c9803364de129070cfeac64d [none]
[debug] [2026-04-26T12:16:27.948Z] >>> [apiv2][body] POST https://upload-firebasehosting.googleapis.com/upload/sites/ttech-4/versions/13457310cec26696/files/d0e4a6284b81107ba6f1c9adddb81b51167284c7c9803364de129070cfeac64d [stream]
[debug] [2026-04-26T12:16:27.949Z] >>> [apiv2][query] POST https://upload-firebasehosting.googleapis.com/upload/sites/ttech-4/versions/13457310cec26696/files/e356af0052bcd238798a6d47d16905ba805ad94fd0ed929f3ef2450e4e01ff51 [none]
[debug] [2026-04-26T12:16:27.949Z] >>> [apiv2][body] POST https://upload-firebasehosting.googleapis.com/upload/sites/ttech-4/versions/13457310cec26696/files/e356af0052bcd238798a6d47d16905ba805ad94fd0ed929f3ef2450e4e01ff51 [stream]
[debug] [2026-04-26T12:16:27.949Z] >>> [apiv2][query] POST https://upload-firebasehosting.googleapis.com/upload/sites/ttech-4/versions/13457310cec26696/files/3a4d2184efcf5612caef17abec6c2a067def345a6fb2d9e62d38f564a3265185 [none]
[debug] [2026-04-26T12:16:27.949Z] >>> [apiv2][body] POST https://upload-firebasehosting.googleapis.com/upload/sites/ttech-4/versions/13457310cec26696/files/3a4d2184efcf5612caef17abec6c2a067def345a6fb2d9e62d38f564a3265185 [stream]
[debug] [2026-04-26T12:16:27.950Z] >>> [apiv2][query] POST https://upload-firebasehosting.googleapis.com/upload/sites/ttech-4/versions/13457310cec26696/files/65f860034cae22bcbc56421abdf918957c91ee2975d0ef27a6705fd73a40433f [none]
[debug] [2026-04-26T12:16:27.950Z] >>> [apiv2][body] POST https://upload-firebasehosting.googleapis.com/upload/sites/ttech-4/versions/13457310cec26696/files/65f860034cae22bcbc56421abdf918957c91ee2975d0ef27a6705fd73a40433f [stream]
[debug] [2026-04-26T12:16:27.950Z] >>> [apiv2][query] POST https://upload-firebasehosting.googleapis.com/upload/sites/ttech-4/versions/13457310cec26696/files/36eaaa9259cda5765c4061fa8b7bf61c74dbda3a2a721a0811c73f5dae61a2e9 [none]
[debug] [2026-04-26T12:16:27.950Z] >>> [apiv2][body] POST https://upload-firebasehosting.googleapis.com/upload/sites/ttech-4/versions/13457310cec26696/files/36eaaa9259cda5765c4061fa8b7bf61c74dbda3a2a721a0811c73f5dae61a2e9 [stream]
[debug] [2026-04-26T12:16:27.951Z] >>> [apiv2][query] POST https://upload-firebasehosting.googleapis.com/upload/sites/ttech-4/versions/13457310cec26696/files/acb1a30d882ec977e10b1e69e12232fb9992882b0a39395c51424d5e26bd1cd0 [none]
[debug] [2026-04-26T12:16:27.951Z] >>> [apiv2][body] POST https://upload-firebasehosting.googleapis.com/upload/sites/ttech-4/versions/13457310cec26696/files/acb1a30d882ec977e10b1e69e12232fb9992882b0a39395c51424d5e26bd1cd0 [stream]
[debug] [2026-04-26T12:16:27.951Z] >>> [apiv2][query] POST https://upload-firebasehosting.googleapis.com/upload/sites/ttech-4/versions/13457310cec26696/files/82d48b8870c0a9a2cc288a77d675e1f20e9ad0cf24303be8f025c926de33eee7 [none]
[debug] [2026-04-26T12:16:27.951Z] >>> [apiv2][body] POST https://upload-firebasehosting.googleapis.com/upload/sites/ttech-4/versions/13457310cec26696/files/82d48b8870c0a9a2cc288a77d675e1f20e9ad0cf24303be8f025c926de33eee7 [stream]
[debug] [2026-04-26T12:16:27.952Z] >>> [apiv2][query] POST https://upload-firebasehosting.googleapis.com/upload/sites/ttech-4/versions/13457310cec26696/files/38a0a46e8de65661d29c54745b2f6238211379151b019eef18ca0daec75ebf2e [none]
[debug] [2026-04-26T12:16:27.952Z] >>> [apiv2][body] POST https://upload-firebasehosting.googleapis.com/upload/sites/ttech-4/versions/13457310cec26696/files/38a0a46e8de65661d29c54745b2f6238211379151b019eef18ca0daec75ebf2e [stream]
[debug] [2026-04-26T12:16:27.952Z] >>> [apiv2][query] POST https://upload-firebasehosting.googleapis.com/upload/sites/ttech-4/versions/13457310cec26696/files/b907cfd2dfc6297c8349a96e176fdea751da7a75aefb43c44d7b97bffc31d841 [none]
[debug] [2026-04-26T12:16:27.952Z] >>> [apiv2][body] POST https://upload-firebasehosting.googleapis.com/upload/sites/ttech-4/versions/13457310cec26696/files/b907cfd2dfc6297c8349a96e176fdea751da7a75aefb43c44d7b97bffc31d841 [stream]
[debug] [2026-04-26T12:16:27.954Z] >>> [apiv2][query] POST https://upload-firebasehosting.googleapis.com/upload/sites/ttech-4/versions/13457310cec26696/files/7016bca93256a9957c3f6e19a39ffce12b3abd2d9861ded018d894e2dfbe2f63 [none]
[debug] [2026-04-26T12:16:27.954Z] >>> [apiv2][body] POST https://upload-firebasehosting.googleapis.com/upload/sites/ttech-4/versions/13457310cec26696/files/7016bca93256a9957c3f6e19a39ffce12b3abd2d9861ded018d894e2dfbe2f63 [stream]
[debug] [2026-04-26T12:16:27.954Z] >>> [apiv2][query] POST https://upload-firebasehosting.googleapis.com/upload/sites/ttech-4/versions/13457310cec26696/files/ee538d9b11e61195e44880065a6e46296f05c5e6d8b25d19c37214c1113cba8d [none]
[debug] [2026-04-26T12:16:27.955Z] >>> [apiv2][body] POST https://upload-firebasehosting.googleapis.com/upload/sites/ttech-4/versions/13457310cec26696/files/ee538d9b11e61195e44880065a6e46296f05c5e6d8b25d19c37214c1113cba8d [stream]
[debug] [2026-04-26T12:16:27.955Z] >>> [apiv2][query] POST https://upload-firebasehosting.googleapis.com/upload/sites/ttech-4/versions/13457310cec26696/files/6e2c9ea9c5183339911bbb320e29ef6779d3e27ee8fa7337faccf0258134e406 [none]
[debug] [2026-04-26T12:16:27.955Z] >>> [apiv2][body] POST https://upload-firebasehosting.googleapis.com/upload/sites/ttech-4/versions/13457310cec26696/files/6e2c9ea9c5183339911bbb320e29ef6779d3e27ee8fa7337faccf0258134e406 [stream]
[debug] [2026-04-26T12:16:27.955Z] >>> [apiv2][query] POST https://upload-firebasehosting.googleapis.com/upload/sites/ttech-4/versions/13457310cec26696/files/5e57f6166b702492ab9551af57e4546546c184673a4c0432f73b96f62820f7eb [none]
[debug] [2026-04-26T12:16:27.955Z] >>> [apiv2][body] POST https://upload-firebasehosting.googleapis.com/upload/sites/ttech-4/versions/13457310cec26696/files/5e57f6166b702492ab9551af57e4546546c184673a4c0432f73b96f62820f7eb [stream]
[debug] [2026-04-26T12:16:27.956Z] >>> [apiv2][query] POST https://upload-firebasehosting.googleapis.com/upload/sites/ttech-4/versions/13457310cec26696/files/dcbe1c9b9159ca21caea98e1bad364012ae284e9551375ca62b83d2811efac91 [none]
[debug] [2026-04-26T12:16:27.956Z] >>> [apiv2][body] POST https://upload-firebasehosting.googleapis.com/upload/sites/ttech-4/versions/13457310cec26696/files/dcbe1c9b9159ca21caea98e1bad364012ae284e9551375ca62b83d2811efac91 [stream]
[debug] [2026-04-26T12:16:27.956Z] >>> [apiv2][query] POST https://upload-firebasehosting.googleapis.com/upload/sites/ttech-4/versions/13457310cec26696/files/5351dd9482cd8185dcd6ebd623d36bdd2451183738aa52d706b28affb167301b [none]
[debug] [2026-04-26T12:16:27.956Z] >>> [apiv2][body] POST https://upload-firebasehosting.googleapis.com/upload/sites/ttech-4/versions/13457310cec26696/files/5351dd9482cd8185dcd6ebd623d36bdd2451183738aa52d706b28affb167301b [stream]
[debug] [2026-04-26T12:16:27.956Z] >>> [apiv2][query] POST https://upload-firebasehosting.googleapis.com/upload/sites/ttech-4/versions/13457310cec26696/files/31254272468fe2945aeb744680dbdfe8cabf88c106f72b7f570008234cef0558 [none]
[debug] [2026-04-26T12:16:27.956Z] >>> [apiv2][body] POST https://upload-firebasehosting.googleapis.com/upload/sites/ttech-4/versions/13457310cec26696/files/31254272468fe2945aeb744680dbdfe8cabf88c106f72b7f570008234cef0558 [stream]
[debug] [2026-04-26T12:16:27.957Z] >>> [apiv2][query] POST https://upload-firebasehosting.googleapis.com/upload/sites/ttech-4/versions/13457310cec26696/files/3eb45abbeaa2d8f560573ac77d509edef04ea0b8c59640db7448be0cafe9f4ec [none]
[debug] [2026-04-26T12:16:27.957Z] >>> [apiv2][body] POST https://upload-firebasehosting.googleapis.com/upload/sites/ttech-4/versions/13457310cec26696/files/3eb45abbeaa2d8f560573ac77d509edef04ea0b8c59640db7448be0cafe9f4ec [stream]
[debug] [2026-04-26T12:16:27.957Z] >>> [apiv2][query] POST https://upload-firebasehosting.googleapis.com/upload/sites/ttech-4/versions/13457310cec26696/files/dc28a4dc92fe352ed5d2201bd3972ce47691bc8e89e0400a68d1541d0567c6d5 [none]
[debug] [2026-04-26T12:16:27.957Z] >>> [apiv2][body] POST https://upload-firebasehosting.googleapis.com/upload/sites/ttech-4/versions/13457310cec26696/files/dc28a4dc92fe352ed5d2201bd3972ce47691bc8e89e0400a68d1541d0567c6d5 [stream]
[debug] [2026-04-26T12:16:27.958Z] >>> [apiv2][query] POST https://upload-firebasehosting.googleapis.com/upload/sites/ttech-4/versions/13457310cec26696/files/bafe043a5afb258ea7fd19197f997747ccf29e610a677ddf765bfc5a31bf5ba2 [none]
[debug] [2026-04-26T12:16:27.958Z] >>> [apiv2][body] POST https://upload-firebasehosting.googleapis.com/upload/sites/ttech-4/versions/13457310cec26696/files/bafe043a5afb258ea7fd19197f997747ccf29e610a677ddf765bfc5a31bf5ba2 [stream]
[debug] [2026-04-26T12:16:27.958Z] >>> [apiv2][query] POST https://upload-firebasehosting.googleapis.com/upload/sites/ttech-4/versions/13457310cec26696/files/d86469a7b2b11d52b39c1860b91a70a21f1496f28bd36a5e245547f1af09a73d [none]
[debug] [2026-04-26T12:16:27.958Z] >>> [apiv2][body] POST https://upload-firebasehosting.googleapis.com/upload/sites/ttech-4/versions/13457310cec26696/files/d86469a7b2b11d52b39c1860b91a70a21f1496f28bd36a5e245547f1af09a73d [stream]
[debug] [2026-04-26T12:16:27.959Z] >>> [apiv2][query] POST https://upload-firebasehosting.googleapis.com/upload/sites/ttech-4/versions/13457310cec26696/files/5148152a41667610805b990484600ee61caba893324c045aace7246718c20c63 [none]
[debug] [2026-04-26T12:16:27.959Z] >>> [apiv2][body] POST https://upload-firebasehosting.googleapis.com/upload/sites/ttech-4/versions/13457310cec26696/files/5148152a41667610805b990484600ee61caba893324c045aace7246718c20c63 [stream]
[debug] [2026-04-26T12:16:27.959Z] >>> [apiv2][query] POST https://upload-firebasehosting.googleapis.com/upload/sites/ttech-4/versions/13457310cec26696/files/e072f4b109618b1ac1984c781b80a09d2c16bfb9cf0a88044c6a48a0ed9f6e87 [none]
[debug] [2026-04-26T12:16:27.959Z] >>> [apiv2][body] POST https://upload-firebasehosting.googleapis.com/upload/sites/ttech-4/versions/13457310cec26696/files/e072f4b109618b1ac1984c781b80a09d2c16bfb9cf0a88044c6a48a0ed9f6e87 [stream]
[debug] [2026-04-26T12:16:27.960Z] >>> [apiv2][query] POST https://upload-firebasehosting.googleapis.com/upload/sites/ttech-4/versions/13457310cec26696/files/c709688c68e55ef9a22b645bd16d34cf3fce029846e39cd5705d39f0c9b770b5 [none]
[debug] [2026-04-26T12:16:27.960Z] >>> [apiv2][body] POST https://upload-firebasehosting.googleapis.com/upload/sites/ttech-4/versions/13457310cec26696/files/c709688c68e55ef9a22b645bd16d34cf3fce029846e39cd5705d39f0c9b770b5 [stream]
[debug] [2026-04-26T12:16:27.961Z] >>> [apiv2][query] POST https://upload-firebasehosting.googleapis.com/upload/sites/ttech-4/versions/13457310cec26696/files/38a842a86049fec3cc3f502df5fd484aa9c510fd45a4d7a05a50801a19e35a5e [none]
[debug] [2026-04-26T12:16:27.961Z] >>> [apiv2][body] POST https://upload-firebasehosting.googleapis.com/upload/sites/ttech-4/versions/13457310cec26696/files/38a842a86049fec3cc3f502df5fd484aa9c510fd45a4d7a05a50801a19e35a5e [stream]
[debug] [2026-04-26T12:16:27.961Z] >>> [apiv2][query] POST https://upload-firebasehosting.googleapis.com/upload/sites/ttech-4/versions/13457310cec26696/files/670c18865cc36fc9f15395cab4f2bec603af0832f46ef3cdef9122f9b2a8d817 [none]
[debug] [2026-04-26T12:16:27.961Z] >>> [apiv2][body] POST https://upload-firebasehosting.googleapis.com/upload/sites/ttech-4/versions/13457310cec26696/files/670c18865cc36fc9f15395cab4f2bec603af0832f46ef3cdef9122f9b2a8d817 [stream]
[debug] [2026-04-26T12:16:27.961Z] >>> [apiv2][query] POST https://upload-firebasehosting.googleapis.com/upload/sites/ttech-4/versions/13457310cec26696/files/b0cc2aae74997068cf36ddc09ddd288c307122b55430786239b0c82bab0ee70d [none]
[debug] [2026-04-26T12:16:27.962Z] >>> [apiv2][body] POST https://upload-firebasehosting.googleapis.com/upload/sites/ttech-4/versions/13457310cec26696/files/b0cc2aae74997068cf36ddc09ddd288c307122b55430786239b0c82bab0ee70d [stream]
[debug] [2026-04-26T12:16:27.962Z] >>> [apiv2][query] POST https://upload-firebasehosting.googleapis.com/upload/sites/ttech-4/versions/13457310cec26696/files/18e28d3214eda45048d80d3925ea7627b809e69ad2e95f7f98459e9146a61c3d [none]
[debug] [2026-04-26T12:16:27.962Z] >>> [apiv2][body] POST https://upload-firebasehosting.googleapis.com/upload/sites/ttech-4/versions/13457310cec26696/files/18e28d3214eda45048d80d3925ea7627b809e69ad2e95f7f98459e9146a61c3d [stream]
[debug] [2026-04-26T12:16:27.962Z] [hosting][populate queue][FINAL] {"max":2852,"min":2852,"avg":2852,"active":0,"complete":1,"success":1,"errored":0,"retried":0,"total":1,"elapsed":2886}
[debug] [2026-04-26T12:16:27.962Z] [hosting] uploads queued: 47
[debug] [2026-04-26T12:16:36.544Z] <<< [apiv2][status] POST https://upload-firebasehosting.googleapis.com/upload/sites/ttech-4/versions/13457310cec26696/files/f657bc2201cda343343478573eb0598f76a09d5c7dbb205726c22a3195970c98 200
[debug] [2026-04-26T12:16:36.544Z] <<< [apiv2][body] POST https://upload-firebasehosting.googleapis.com/upload/sites/ttech-4/versions/13457310cec26696/files/f657bc2201cda343343478573eb0598f76a09d5c7dbb205726c22a3195970c98 [stream]
[debug] [2026-04-26T12:16:36.547Z] <<< [apiv2][status] POST https://upload-firebasehosting.googleapis.com/upload/sites/ttech-4/versions/13457310cec26696/files/4275ef705d9367daea7fd4280cc44d39d2ec47093eb028d31c0f74ce12e96ae9 200
[debug] [2026-04-26T12:16:36.548Z] <<< [apiv2][body] POST https://upload-firebasehosting.googleapis.com/upload/sites/ttech-4/versions/13457310cec26696/files/4275ef705d9367daea7fd4280cc44d39d2ec47093eb028d31c0f74ce12e96ae9 [stream]
[debug] [2026-04-26T12:16:36.621Z] <<< [apiv2][status] POST https://upload-firebasehosting.googleapis.com/upload/sites/ttech-4/versions/13457310cec26696/files/a9167b12e8a18db8c2704c2d558a0f641343034ab33d86948e927ed55c8621d1 200
[debug] [2026-04-26T12:16:36.621Z] <<< [apiv2][body] POST https://upload-firebasehosting.googleapis.com/upload/sites/ttech-4/versions/13457310cec26696/files/a9167b12e8a18db8c2704c2d558a0f641343034ab33d86948e927ed55c8621d1 [stream]
[debug] [2026-04-26T12:16:36.621Z] <<< [apiv2][status] POST https://upload-firebasehosting.googleapis.com/upload/sites/ttech-4/versions/13457310cec26696/files/cc2b1b32f5941b633fd9080ab55d09b4fcd302a30dd5910d7fc1d987b60c9892 200
[debug] [2026-04-26T12:16:36.621Z] <<< [apiv2][body] POST https://upload-firebasehosting.googleapis.com/upload/sites/ttech-4/versions/13457310cec26696/files/cc2b1b32f5941b633fd9080ab55d09b4fcd302a30dd5910d7fc1d987b60c9892 [stream]
[debug] [2026-04-26T12:16:36.621Z] <<< [apiv2][status] POST https://upload-firebasehosting.googleapis.com/upload/sites/ttech-4/versions/13457310cec26696/files/72e5b856286548cb70390b192b10b1a8d562a1b45811761ad205157ac4adbc3c 200
[debug] [2026-04-26T12:16:36.621Z] <<< [apiv2][body] POST https://upload-firebasehosting.googleapis.com/upload/sites/ttech-4/versions/13457310cec26696/files/72e5b856286548cb70390b192b10b1a8d562a1b45811761ad205157ac4adbc3c [stream]
[debug] [2026-04-26T12:16:36.621Z] <<< [apiv2][status] POST https://upload-firebasehosting.googleapis.com/upload/sites/ttech-4/versions/13457310cec26696/files/38a0a46e8de65661d29c54745b2f6238211379151b019eef18ca0daec75ebf2e 200
[debug] [2026-04-26T12:16:36.621Z] <<< [apiv2][body] POST https://upload-firebasehosting.googleapis.com/upload/sites/ttech-4/versions/13457310cec26696/files/38a0a46e8de65661d29c54745b2f6238211379151b019eef18ca0daec75ebf2e [stream]
[debug] [2026-04-26T12:16:36.622Z] <<< [apiv2][status] POST https://upload-firebasehosting.googleapis.com/upload/sites/ttech-4/versions/13457310cec26696/files/36eaaa9259cda5765c4061fa8b7bf61c74dbda3a2a721a0811c73f5dae61a2e9 200
[debug] [2026-04-26T12:16:36.622Z] <<< [apiv2][body] POST https://upload-firebasehosting.googleapis.com/upload/sites/ttech-4/versions/13457310cec26696/files/36eaaa9259cda5765c4061fa8b7bf61c74dbda3a2a721a0811c73f5dae61a2e9 [stream]
[debug] [2026-04-26T12:16:36.622Z] <<< [apiv2][status] POST https://upload-firebasehosting.googleapis.com/upload/sites/ttech-4/versions/13457310cec26696/files/8cc3e92180cdaaed17104eb9c905accb9921e525f4b83e749d02c637cfb7b599 200
[debug] [2026-04-26T12:16:36.622Z] <<< [apiv2][body] POST https://upload-firebasehosting.googleapis.com/upload/sites/ttech-4/versions/13457310cec26696/files/8cc3e92180cdaaed17104eb9c905accb9921e525f4b83e749d02c637cfb7b599 [stream]
[debug] [2026-04-26T12:16:36.725Z] <<< [apiv2][status] POST https://upload-firebasehosting.googleapis.com/upload/sites/ttech-4/versions/13457310cec26696/files/6e2c9ea9c5183339911bbb320e29ef6779d3e27ee8fa7337faccf0258134e406 200
[debug] [2026-04-26T12:16:36.725Z] <<< [apiv2][body] POST https://upload-firebasehosting.googleapis.com/upload/sites/ttech-4/versions/13457310cec26696/files/6e2c9ea9c5183339911bbb320e29ef6779d3e27ee8fa7337faccf0258134e406 [stream]
[debug] [2026-04-26T12:16:36.726Z] <<< [apiv2][status] POST https://upload-firebasehosting.googleapis.com/upload/sites/ttech-4/versions/13457310cec26696/files/5e57f6166b702492ab9551af57e4546546c184673a4c0432f73b96f62820f7eb 200
[debug] [2026-04-26T12:16:36.726Z] <<< [apiv2][body] POST https://upload-firebasehosting.googleapis.com/upload/sites/ttech-4/versions/13457310cec26696/files/5e57f6166b702492ab9551af57e4546546c184673a4c0432f73b96f62820f7eb [stream]
[debug] [2026-04-26T12:16:36.727Z] <<< [apiv2][status] POST https://upload-firebasehosting.googleapis.com/upload/sites/ttech-4/versions/13457310cec26696/files/dcbe1c9b9159ca21caea98e1bad364012ae284e9551375ca62b83d2811efac91 200
[debug] [2026-04-26T12:16:36.727Z] <<< [apiv2][body] POST https://upload-firebasehosting.googleapis.com/upload/sites/ttech-4/versions/13457310cec26696/files/dcbe1c9b9159ca21caea98e1bad364012ae284e9551375ca62b83d2811efac91 [stream]
[debug] [2026-04-26T12:16:36.727Z] <<< [apiv2][status] POST https://upload-firebasehosting.googleapis.com/upload/sites/ttech-4/versions/13457310cec26696/files/82d48b8870c0a9a2cc288a77d675e1f20e9ad0cf24303be8f025c926de33eee7 200
[debug] [2026-04-26T12:16:36.727Z] <<< [apiv2][body] POST https://upload-firebasehosting.googleapis.com/upload/sites/ttech-4/versions/13457310cec26696/files/82d48b8870c0a9a2cc288a77d675e1f20e9ad0cf24303be8f025c926de33eee7 [stream]
[debug] [2026-04-26T12:16:36.728Z] <<< [apiv2][status] POST https://upload-firebasehosting.googleapis.com/upload/sites/ttech-4/versions/13457310cec26696/files/551cb5c594b308cc0245e4a8ba28e73b7161c4416e0b365fa0276b4c203166bd 200
[debug] [2026-04-26T12:16:36.728Z] <<< [apiv2][body] POST https://upload-firebasehosting.googleapis.com/upload/sites/ttech-4/versions/13457310cec26696/files/551cb5c594b308cc0245e4a8ba28e73b7161c4416e0b365fa0276b4c203166bd [stream]
[debug] [2026-04-26T12:16:36.729Z] <<< [apiv2][status] POST https://upload-firebasehosting.googleapis.com/upload/sites/ttech-4/versions/13457310cec26696/files/f8cc2a1058d08525f606de631b032001b74ceb8ffcd45518fdbcd8d8ed802996 200
[debug] [2026-04-26T12:16:36.729Z] <<< [apiv2][body] POST https://upload-firebasehosting.googleapis.com/upload/sites/ttech-4/versions/13457310cec26696/files/f8cc2a1058d08525f606de631b032001b74ceb8ffcd45518fdbcd8d8ed802996 [stream]
[debug] [2026-04-26T12:16:36.729Z] <<< [apiv2][status] POST https://upload-firebasehosting.googleapis.com/upload/sites/ttech-4/versions/13457310cec26696/files/b21f86cc84327e62ecaf0899c3c32d2699a8fcf1a354b22fa000410cfbea5680 200
[debug] [2026-04-26T12:16:36.729Z] <<< [apiv2][body] POST https://upload-firebasehosting.googleapis.com/upload/sites/ttech-4/versions/13457310cec26696/files/b21f86cc84327e62ecaf0899c3c32d2699a8fcf1a354b22fa000410cfbea5680 [stream]
[debug] [2026-04-26T12:16:36.737Z] <<< [apiv2][status] POST https://upload-firebasehosting.googleapis.com/upload/sites/ttech-4/versions/13457310cec26696/files/0e8108cf5c3f483f0d858bdabe3d792d2d893861bf5bb94006c0f133954f9fdc 200
[debug] [2026-04-26T12:16:36.737Z] <<< [apiv2][body] POST https://upload-firebasehosting.googleapis.com/upload/sites/ttech-4/versions/13457310cec26696/files/0e8108cf5c3f483f0d858bdabe3d792d2d893861bf5bb94006c0f133954f9fdc [stream]
[debug] [2026-04-26T12:16:36.826Z] <<< [apiv2][status] POST https://upload-firebasehosting.googleapis.com/upload/sites/ttech-4/versions/13457310cec26696/files/3a4d2184efcf5612caef17abec6c2a067def345a6fb2d9e62d38f564a3265185 200
[debug] [2026-04-26T12:16:36.826Z] <<< [apiv2][body] POST https://upload-firebasehosting.googleapis.com/upload/sites/ttech-4/versions/13457310cec26696/files/3a4d2184efcf5612caef17abec6c2a067def345a6fb2d9e62d38f564a3265185 [stream]
[debug] [2026-04-26T12:16:36.926Z] <<< [apiv2][status] POST https://upload-firebasehosting.googleapis.com/upload/sites/ttech-4/versions/13457310cec26696/files/dc28a4dc92fe352ed5d2201bd3972ce47691bc8e89e0400a68d1541d0567c6d5 200
[debug] [2026-04-26T12:16:36.927Z] <<< [apiv2][body] POST https://upload-firebasehosting.googleapis.com/upload/sites/ttech-4/versions/13457310cec26696/files/dc28a4dc92fe352ed5d2201bd3972ce47691bc8e89e0400a68d1541d0567c6d5 [stream]
[debug] [2026-04-26T12:16:36.931Z] <<< [apiv2][status] POST https://upload-firebasehosting.googleapis.com/upload/sites/ttech-4/versions/13457310cec26696/files/31254272468fe2945aeb744680dbdfe8cabf88c106f72b7f570008234cef0558 200
[debug] [2026-04-26T12:16:36.931Z] <<< [apiv2][body] POST https://upload-firebasehosting.googleapis.com/upload/sites/ttech-4/versions/13457310cec26696/files/31254272468fe2945aeb744680dbdfe8cabf88c106f72b7f570008234cef0558 [stream]
[debug] [2026-04-26T12:16:36.975Z] <<< [apiv2][status] POST https://upload-firebasehosting.googleapis.com/upload/sites/ttech-4/versions/13457310cec26696/files/b0cc2aae74997068cf36ddc09ddd288c307122b55430786239b0c82bab0ee70d 200
[debug] [2026-04-26T12:16:36.976Z] <<< [apiv2][body] POST https://upload-firebasehosting.googleapis.com/upload/sites/ttech-4/versions/13457310cec26696/files/b0cc2aae74997068cf36ddc09ddd288c307122b55430786239b0c82bab0ee70d [stream]
[debug] [2026-04-26T12:16:37.150Z] <<< [apiv2][status] POST https://upload-firebasehosting.googleapis.com/upload/sites/ttech-4/versions/13457310cec26696/files/d86469a7b2b11d52b39c1860b91a70a21f1496f28bd36a5e245547f1af09a73d 200
[debug] [2026-04-26T12:16:37.151Z] <<< [apiv2][body] POST https://upload-firebasehosting.googleapis.com/upload/sites/ttech-4/versions/13457310cec26696/files/d86469a7b2b11d52b39c1860b91a70a21f1496f28bd36a5e245547f1af09a73d [stream]
[debug] [2026-04-26T12:16:37.174Z] <<< [apiv2][status] POST https://upload-firebasehosting.googleapis.com/upload/sites/ttech-4/versions/13457310cec26696/files/e072f4b109618b1ac1984c781b80a09d2c16bfb9cf0a88044c6a48a0ed9f6e87 200
[debug] [2026-04-26T12:16:37.174Z] <<< [apiv2][body] POST https://upload-firebasehosting.googleapis.com/upload/sites/ttech-4/versions/13457310cec26696/files/e072f4b109618b1ac1984c781b80a09d2c16bfb9cf0a88044c6a48a0ed9f6e87 [stream]
[debug] [2026-04-26T12:16:37.175Z] <<< [apiv2][status] POST https://upload-firebasehosting.googleapis.com/upload/sites/ttech-4/versions/13457310cec26696/files/c709688c68e55ef9a22b645bd16d34cf3fce029846e39cd5705d39f0c9b770b5 200
[debug] [2026-04-26T12:16:37.175Z] <<< [apiv2][body] POST https://upload-firebasehosting.googleapis.com/upload/sites/ttech-4/versions/13457310cec26696/files/c709688c68e55ef9a22b645bd16d34cf3fce029846e39cd5705d39f0c9b770b5 [stream]
[debug] [2026-04-26T12:16:37.234Z] <<< [apiv2][status] POST https://upload-firebasehosting.googleapis.com/upload/sites/ttech-4/versions/13457310cec26696/files/3482c547a32e14ebd29beeeb2672e6dcc64872ac2648c3a6e63243973e763b98 200
[debug] [2026-04-26T12:16:37.234Z] <<< [apiv2][body] POST https://upload-firebasehosting.googleapis.com/upload/sites/ttech-4/versions/13457310cec26696/files/3482c547a32e14ebd29beeeb2672e6dcc64872ac2648c3a6e63243973e763b98 [stream]
[debug] [2026-04-26T12:16:37.336Z] <<< [apiv2][status] POST https://upload-firebasehosting.googleapis.com/upload/sites/ttech-4/versions/13457310cec26696/files/576a047f4a71fa04fcf7d08ef733388f28aeee42f9145139dee6e5aa52c5b04f 200
[debug] [2026-04-26T12:16:37.336Z] <<< [apiv2][body] POST https://upload-firebasehosting.googleapis.com/upload/sites/ttech-4/versions/13457310cec26696/files/576a047f4a71fa04fcf7d08ef733388f28aeee42f9145139dee6e5aa52c5b04f [stream]
[debug] [2026-04-26T12:16:37.337Z] <<< [apiv2][status] POST https://upload-firebasehosting.googleapis.com/upload/sites/ttech-4/versions/13457310cec26696/files/5148152a41667610805b990484600ee61caba893324c045aace7246718c20c63 200
[debug] [2026-04-26T12:16:37.337Z] <<< [apiv2][body] POST https://upload-firebasehosting.googleapis.com/upload/sites/ttech-4/versions/13457310cec26696/files/5148152a41667610805b990484600ee61caba893324c045aace7246718c20c63 [stream]
[debug] [2026-04-26T12:16:37.439Z] <<< [apiv2][status] POST https://upload-firebasehosting.googleapis.com/upload/sites/ttech-4/versions/13457310cec26696/files/758dc4153da47f69a2ca4e10ece15ee3bf6ab85cb548c0e4ba949126dee26caa 200
[debug] [2026-04-26T12:16:37.439Z] <<< [apiv2][body] POST https://upload-firebasehosting.googleapis.com/upload/sites/ttech-4/versions/13457310cec26696/files/758dc4153da47f69a2ca4e10ece15ee3bf6ab85cb548c0e4ba949126dee26caa [stream]
[debug] [2026-04-26T12:16:37.645Z] <<< [apiv2][status] POST https://upload-firebasehosting.googleapis.com/upload/sites/ttech-4/versions/13457310cec26696/files/38a842a86049fec3cc3f502df5fd484aa9c510fd45a4d7a05a50801a19e35a5e 200
[debug] [2026-04-26T12:16:37.645Z] <<< [apiv2][body] POST https://upload-firebasehosting.googleapis.com/upload/sites/ttech-4/versions/13457310cec26696/files/38a842a86049fec3cc3f502df5fd484aa9c510fd45a4d7a05a50801a19e35a5e [stream]
[debug] [2026-04-26T12:16:37.746Z] <<< [apiv2][status] POST https://upload-firebasehosting.googleapis.com/upload/sites/ttech-4/versions/13457310cec26696/files/c41e9ca8341474c0314a4a3aa493761fc62b5de768d386d0ea9feaa43731c6ab 200
[debug] [2026-04-26T12:16:37.746Z] <<< [apiv2][body] POST https://upload-firebasehosting.googleapis.com/upload/sites/ttech-4/versions/13457310cec26696/files/c41e9ca8341474c0314a4a3aa493761fc62b5de768d386d0ea9feaa43731c6ab [stream]
[debug] [2026-04-26T12:16:37.777Z] <<< [apiv2][status] POST https://upload-firebasehosting.googleapis.com/upload/sites/ttech-4/versions/13457310cec26696/files/528015bf56f30af70faaa1b9f63d409d4099e70f62a63978f3b1007a72442f21 200
[debug] [2026-04-26T12:16:37.777Z] <<< [apiv2][body] POST https://upload-firebasehosting.googleapis.com/upload/sites/ttech-4/versions/13457310cec26696/files/528015bf56f30af70faaa1b9f63d409d4099e70f62a63978f3b1007a72442f21 [stream]
[debug] [2026-04-26T12:16:37.786Z] <<< [apiv2][status] POST https://upload-firebasehosting.googleapis.com/upload/sites/ttech-4/versions/13457310cec26696/files/acb1a30d882ec977e10b1e69e12232fb9992882b0a39395c51424d5e26bd1cd0 200
[debug] [2026-04-26T12:16:37.786Z] <<< [apiv2][body] POST https://upload-firebasehosting.googleapis.com/upload/sites/ttech-4/versions/13457310cec26696/files/acb1a30d882ec977e10b1e69e12232fb9992882b0a39395c51424d5e26bd1cd0 [stream]
[debug] [2026-04-26T12:16:37.849Z] <<< [apiv2][status] POST https://upload-firebasehosting.googleapis.com/upload/sites/ttech-4/versions/13457310cec26696/files/f530c5dfa886971d0bd4d3d72521ddb44f39a868e0bde94a87a7f44c255a2bb7 200
[debug] [2026-04-26T12:16:37.849Z] <<< [apiv2][body] POST https://upload-firebasehosting.googleapis.com/upload/sites/ttech-4/versions/13457310cec26696/files/f530c5dfa886971d0bd4d3d72521ddb44f39a868e0bde94a87a7f44c255a2bb7 [stream]
[debug] [2026-04-26T12:16:37.877Z] <<< [apiv2][status] POST https://upload-firebasehosting.googleapis.com/upload/sites/ttech-4/versions/13457310cec26696/files/d0e4a6284b81107ba6f1c9adddb81b51167284c7c9803364de129070cfeac64d 200
[debug] [2026-04-26T12:16:37.877Z] <<< [apiv2][body] POST https://upload-firebasehosting.googleapis.com/upload/sites/ttech-4/versions/13457310cec26696/files/d0e4a6284b81107ba6f1c9adddb81b51167284c7c9803364de129070cfeac64d [stream]
[debug] [2026-04-26T12:16:37.962Z] <<< [apiv2][status] POST https://upload-firebasehosting.googleapis.com/upload/sites/ttech-4/versions/13457310cec26696/files/3eb45abbeaa2d8f560573ac77d509edef04ea0b8c59640db7448be0cafe9f4ec 200
[debug] [2026-04-26T12:16:37.962Z] <<< [apiv2][body] POST https://upload-firebasehosting.googleapis.com/upload/sites/ttech-4/versions/13457310cec26696/files/3eb45abbeaa2d8f560573ac77d509edef04ea0b8c59640db7448be0cafe9f4ec [stream]
[debug] [2026-04-26T12:16:37.976Z] <<< [apiv2][status] POST https://upload-firebasehosting.googleapis.com/upload/sites/ttech-4/versions/13457310cec26696/files/18e28d3214eda45048d80d3925ea7627b809e69ad2e95f7f98459e9146a61c3d 200
[debug] [2026-04-26T12:16:37.976Z] <<< [apiv2][body] POST https://upload-firebasehosting.googleapis.com/upload/sites/ttech-4/versions/13457310cec26696/files/18e28d3214eda45048d80d3925ea7627b809e69ad2e95f7f98459e9146a61c3d [stream]
[debug] [2026-04-26T12:16:38.053Z] <<< [apiv2][status] POST https://upload-firebasehosting.googleapis.com/upload/sites/ttech-4/versions/13457310cec26696/files/af0b8b748bccb915d2867af6caecfd9d7c60674e8d57c3bf8263949fdeeb062e 200
[debug] [2026-04-26T12:16:38.054Z] <<< [apiv2][body] POST https://upload-firebasehosting.googleapis.com/upload/sites/ttech-4/versions/13457310cec26696/files/af0b8b748bccb915d2867af6caecfd9d7c60674e8d57c3bf8263949fdeeb062e [stream]
[debug] [2026-04-26T12:16:38.281Z] <<< [apiv2][status] POST https://upload-firebasehosting.googleapis.com/upload/sites/ttech-4/versions/13457310cec26696/files/1bfa7f2c2ec8bd0d99acf712065469f99dbf6e16da39e8fe0752ddf6de413504 200
[debug] [2026-04-26T12:16:38.281Z] <<< [apiv2][body] POST https://upload-firebasehosting.googleapis.com/upload/sites/ttech-4/versions/13457310cec26696/files/1bfa7f2c2ec8bd0d99acf712065469f99dbf6e16da39e8fe0752ddf6de413504 [stream]
[debug] [2026-04-26T12:16:38.282Z] <<< [apiv2][status] POST https://upload-firebasehosting.googleapis.com/upload/sites/ttech-4/versions/13457310cec26696/files/b907cfd2dfc6297c8349a96e176fdea751da7a75aefb43c44d7b97bffc31d841 200
[debug] [2026-04-26T12:16:38.282Z] <<< [apiv2][body] POST https://upload-firebasehosting.googleapis.com/upload/sites/ttech-4/versions/13457310cec26696/files/b907cfd2dfc6297c8349a96e176fdea751da7a75aefb43c44d7b97bffc31d841 [stream]
[debug] [2026-04-26T12:16:38.380Z] <<< [apiv2][status] POST https://upload-firebasehosting.googleapis.com/upload/sites/ttech-4/versions/13457310cec26696/files/c68e0c180ba067bc29ee3c5d9837bec35b20ab9cb50093b3986ca9e6d5fc73ff 200
[debug] [2026-04-26T12:16:38.380Z] <<< [apiv2][body] POST https://upload-firebasehosting.googleapis.com/upload/sites/ttech-4/versions/13457310cec26696/files/c68e0c180ba067bc29ee3c5d9837bec35b20ab9cb50093b3986ca9e6d5fc73ff [stream]
[debug] [2026-04-26T12:16:38.463Z] <<< [apiv2][status] POST https://upload-firebasehosting.googleapis.com/upload/sites/ttech-4/versions/13457310cec26696/files/7016bca93256a9957c3f6e19a39ffce12b3abd2d9861ded018d894e2dfbe2f63 200
[debug] [2026-04-26T12:16:38.463Z] <<< [apiv2][body] POST https://upload-firebasehosting.googleapis.com/upload/sites/ttech-4/versions/13457310cec26696/files/7016bca93256a9957c3f6e19a39ffce12b3abd2d9861ded018d894e2dfbe2f63 [stream]
[debug] [2026-04-26T12:16:38.464Z] <<< [apiv2][status] POST https://upload-firebasehosting.googleapis.com/upload/sites/ttech-4/versions/13457310cec26696/files/bafe043a5afb258ea7fd19197f997747ccf29e610a677ddf765bfc5a31bf5ba2 200
[debug] [2026-04-26T12:16:38.465Z] <<< [apiv2][body] POST https://upload-firebasehosting.googleapis.com/upload/sites/ttech-4/versions/13457310cec26696/files/bafe043a5afb258ea7fd19197f997747ccf29e610a677ddf765bfc5a31bf5ba2 [stream]
[debug] [2026-04-26T12:16:38.468Z] <<< [apiv2][status] POST https://upload-firebasehosting.googleapis.com/upload/sites/ttech-4/versions/13457310cec26696/files/e356af0052bcd238798a6d47d16905ba805ad94fd0ed929f3ef2450e4e01ff51 200
[debug] [2026-04-26T12:16:38.468Z] <<< [apiv2][body] POST https://upload-firebasehosting.googleapis.com/upload/sites/ttech-4/versions/13457310cec26696/files/e356af0052bcd238798a6d47d16905ba805ad94fd0ed929f3ef2450e4e01ff51 [stream]
[debug] [2026-04-26T12:16:38.490Z] <<< [apiv2][status] POST https://upload-firebasehosting.googleapis.com/upload/sites/ttech-4/versions/13457310cec26696/files/6e5c563d661899678b8025301eecfa42c25fb26e635e16ad20a713874edc1cf9 200
[debug] [2026-04-26T12:16:38.490Z] <<< [apiv2][body] POST https://upload-firebasehosting.googleapis.com/upload/sites/ttech-4/versions/13457310cec26696/files/6e5c563d661899678b8025301eecfa42c25fb26e635e16ad20a713874edc1cf9 [stream]
[debug] [2026-04-26T12:16:38.502Z] <<< [apiv2][status] POST https://upload-firebasehosting.googleapis.com/upload/sites/ttech-4/versions/13457310cec26696/files/670c18865cc36fc9f15395cab4f2bec603af0832f46ef3cdef9122f9b2a8d817 200
[debug] [2026-04-26T12:16:38.503Z] <<< [apiv2][body] POST https://upload-firebasehosting.googleapis.com/upload/sites/ttech-4/versions/13457310cec26696/files/670c18865cc36fc9f15395cab4f2bec603af0832f46ef3cdef9122f9b2a8d817 [stream]
[debug] [2026-04-26T12:16:38.770Z] <<< [apiv2][status] POST https://upload-firebasehosting.googleapis.com/upload/sites/ttech-4/versions/13457310cec26696/files/5351dd9482cd8185dcd6ebd623d36bdd2451183738aa52d706b28affb167301b 200
[debug] [2026-04-26T12:16:38.770Z] <<< [apiv2][body] POST https://upload-firebasehosting.googleapis.com/upload/sites/ttech-4/versions/13457310cec26696/files/5351dd9482cd8185dcd6ebd623d36bdd2451183738aa52d706b28affb167301b [stream]
[debug] [2026-04-26T12:16:39.486Z] <<< [apiv2][status] POST https://upload-firebasehosting.googleapis.com/upload/sites/ttech-4/versions/13457310cec26696/files/65f860034cae22bcbc56421abdf918957c91ee2975d0ef27a6705fd73a40433f 200
[debug] [2026-04-26T12:16:39.487Z] <<< [apiv2][body] POST https://upload-firebasehosting.googleapis.com/upload/sites/ttech-4/versions/13457310cec26696/files/65f860034cae22bcbc56421abdf918957c91ee2975d0ef27a6705fd73a40433f [stream]
[debug] [2026-04-26T12:16:39.634Z] <<< [apiv2][status] POST https://upload-firebasehosting.googleapis.com/upload/sites/ttech-4/versions/13457310cec26696/files/ee538d9b11e61195e44880065a6e46296f05c5e6d8b25d19c37214c1113cba8d 200
[debug] [2026-04-26T12:16:39.635Z] <<< [apiv2][body] POST https://upload-firebasehosting.googleapis.com/upload/sites/ttech-4/versions/13457310cec26696/files/ee538d9b11e61195e44880065a6e46296f05c5e6d8b25d19c37214c1113cba8d [stream]
[debug] [2026-04-26T12:16:39.635Z] [hosting][upload queue][FINAL] {"max":11709,"min":8621,"avg":9544.085106382976,"active":0,"complete":47,"success":47,"errored":0,"retried":0,"total":47,"elapsed":11714}
[info] +  hosting[ttech-4]: file upload complete 
[debug] [2026-04-26T12:16:39.636Z] [hosting] deploy completed after 14632ms
[debug] [2026-04-26T12:16:39.636Z] [
  {
    "config": {
      "public": "out",
      "cleanUrls": true,
      "ignore": [
        "firebase.json",
        "**/.*",
        "**/node_modules/**"
      ],
      "headers": [
        {
          "source": "**",
          "headers": [
            {
              "key": "X-Content-Type-Options",
              "value": "nosniff"
            },
            {
              "key": "X-Frame-Options",
              "value": "DENY"
            },
            {
              "key": "Referrer-Policy",
              "value": "strict-origin-when-cross-origin"
            },
            {
              "key": "Permissions-Policy",
              "value": "camera=(), microphone=(), geolocation=()"
            }
          ]
        }
      ],
      "site": "ttech-4"
    },
    "version": "projects/682504861167/sites/ttech-4/versions/13457310cec26696"
  }
]
[info] i  hosting[ttech-4]: finalizing version... 
[debug] [2026-04-26T12:16:39.638Z] Checked if tokens are valid: true, expires at: 1777209357323
[debug] [2026-04-26T12:16:39.638Z] Checked if tokens are valid: true, expires at: 1777209357323
[debug] [2026-04-26T12:16:39.639Z] >>> [apiv2][query] PATCH https://firebasehosting.googleapis.com/v1beta1/projects/-/sites/ttech-4/versions/13457310cec26696 updateMask=status%2Cconfig
[debug] [2026-04-26T12:16:39.639Z] >>> [apiv2][body] PATCH https://firebasehosting.googleapis.com/v1beta1/projects/-/sites/ttech-4/versions/13457310cec26696 {"status":"FINALIZED","config":{"headers":[{"glob":"**","headers":{"X-Content-Type-Options":"nosniff","X-Frame-Options":"DENY","Referrer-Policy":"strict-origin-when-cross-origin","Permissions-Policy":"camera=(), microphone=(), geolocation=()"}}],"cleanUrls":true}}
[debug] [2026-04-26T12:16:48.089Z] <<< [apiv2][status] PATCH https://firebasehosting.googleapis.com/v1beta1/projects/-/sites/ttech-4/versions/13457310cec26696 200
[debug] [2026-04-26T12:16:48.089Z] <<< [apiv2][body] PATCH https://firebasehosting.googleapis.com/v1beta1/projects/-/sites/ttech-4/versions/13457310cec26696 {"name":"projects/682504861167/sites/ttech-4/versions/13457310cec26696","status":"FINALIZED","config":{"headers":[{"headers":{"Referrer-Policy":"strict-origin-when-cross-origin","Permissions-Policy":"camera=(), microphone=(), geolocation=()","X-Content-Type-Options":"nosniff","X-Frame-Options":"DENY"},"glob":"**"}],"cleanUrls":true},"labels":{"deployment-tool":"cli-firebase"},"createTime":"2026-04-26T12:16:19.213618Z","createUser":{"email":"thandululo99@gmail.com"},"finalizeTime":"2026-04-26T12:16:46.929722Z","finalizeUser":{"email":"thandululo99@gmail.com"}}
[debug] [2026-04-26T12:16:48.089Z] [hosting] finalized version for ttech-4:[object Object]
[info] +  hosting[ttech-4]: version finalized 
[info] i  hosting[ttech-4]: releasing new version... 
[debug] [2026-04-26T12:16:48.091Z] Checked if tokens are valid: true, expires at: 1777209357323
[debug] [2026-04-26T12:16:48.091Z] Checked if tokens are valid: true, expires at: 1777209357323
[debug] [2026-04-26T12:16:48.091Z] >>> [apiv2][query] POST https://firebasehosting.googleapis.com/v1beta1/projects/-/sites/ttech-4/channels/live/releases versionName=projects%2F682504861167%2Fsites%2Fttech-4%2Fversions%2F13457310cec26696
[debug] [2026-04-26T12:16:48.091Z] >>> [apiv2][body] POST https://firebasehosting.googleapis.com/v1beta1/projects/-/sites/ttech-4/channels/live/releases {}
[debug] [2026-04-26T12:16:50.348Z] <<< [apiv2][status] POST https://firebasehosting.googleapis.com/v1beta1/projects/-/sites/ttech-4/channels/live/releases 200
[debug] [2026-04-26T12:16:50.348Z] <<< [apiv2][body] POST https://firebasehosting.googleapis.com/v1beta1/projects/-/sites/ttech-4/channels/live/releases {"name":"projects/682504861167/sites/ttech-4/channels/live/releases/1777205808490000","version":{"name":"projects/682504861167/sites/ttech-4/versions/13457310cec26696","status":"FINALIZED","config":{"headers":[{"headers":{"Referrer-Policy":"strict-origin-when-cross-origin","Permissions-Policy":"camera=(), microphone=(), geolocation=()","X-Content-Type-Options":"nosniff","X-Frame-Options":"DENY"},"glob":"**"}],"cleanUrls":true},"labels":{"deployment-tool":"cli-firebase"},"createTime":"2026-04-26T12:16:19.213618Z","createUser":{"email":"thandululo99@gmail.com","imageUrl":"https://lh3.googleusercontent.com/a/ACg8ocLNoU1riXXIj8aydiVA5F8gQR3GHq9B7D2xiqfR-6VyeAC1h5Qv"},"finalizeTime":"2026-04-26T12:16:46.929722Z","finalizeUser":{"email":"thandululo99@gmail.com","imageUrl":"https://lh3.googleusercontent.com/a/ACg8ocLNoU1riXXIj8aydiVA5F8gQR3GHq9B7D2xiqfR-6VyeAC1h5Qv"}},"type":"DEPLOY","releaseTime":"2026-04-26T12:16:48.490Z","releaseUser":{"email":"thandululo99@gmail.com","imageUrl":"https://lh3.googleusercontent.com/a/ACg8ocLNoU1riXXIj8aydiVA5F8gQR3GHq9B7D2xiqfR-6VyeAC1h5Qv"}}
[debug] [2026-04-26T12:16:50.349Z] [hosting] release: {"name":"projects/682504861167/sites/ttech-4/channels/live/releases/1777205808490000","version":{"name":"projects/682504861167/sites/ttech-4/versions/13457310cec26696","status":"FINALIZED","config":{"headers":[{"headers":{"Referrer-Policy":"strict-origin-when-cross-origin","Permissions-Policy":"camera=(), microphone=(), geolocation=()","X-Content-Type-Options":"nosniff","X-Frame-Options":"DENY"},"glob":"**"}],"cleanUrls":true},"labels":{"deployment-tool":"cli-firebase"},"createTime":"2026-04-26T12:16:19.213618Z","createUser":{"email":"thandululo99@gmail.com","imageUrl":"https://lh3.googleusercontent.com/a/ACg8ocLNoU1riXXIj8aydiVA5F8gQR3GHq9B7D2xiqfR-6VyeAC1h5Qv"},"finalizeTime":"2026-04-26T12:16:46.929722Z","finalizeUser":{"email":"thandululo99@gmail.com","imageUrl":"https://lh3.googleusercontent.com/a/ACg8ocLNoU1riXXIj8aydiVA5F8gQR3GHq9B7D2xiqfR-6VyeAC1h5Qv"}},"type":"DEPLOY","releaseTime":"2026-04-26T12:16:48.490Z","releaseUser":{"email":"thandululo99@gmail.com","imageUrl":"https://lh3.googleusercontent.com/a/ACg8ocLNoU1riXXIj8aydiVA5F8gQR3GHq9B7D2xiqfR-6VyeAC1h5Qv"}}
[info] +  hosting[ttech-4]: release complete 
[info] 
[info] +  Deploy complete! 
[info] 
[info] Project Console: https://console.firebase.google.com/project/ttech-4/overview
[info] Hosting URL: https://ttech-4.web.app
[debug] [2026-04-26T12:16:58.139Z] Error: Timed out.
    at Timeout.<anonymous> (C:\Users\thand\AppData\Roaming\npm\node_modules\firebase-tools\lib\utils.js:309:49)
    at listOnTimeout (node:internal/timers:605:17)
    at process.processTimers (node:internal/timers:541:7)
[error] 
[error] Error: An unexpected error has occurred.
